
--- Test 1: Zero-length descriptor ---
PASS: zero-length: decode_error flagged (time=105000)
PASS: zero-length: dispatch_valid NOT asserted (time=105000)

--- Test 2: Oversized descriptor ---
PASS: oversized: decode_error flagged (time=185000)
PASS: oversized: dispatch_valid NOT asserted (time=185000)

--- Test 3: Misaligned src address ---
PASS: misaligned-src: decode_error flagged (time=265000)
PASS: misaligned-src: dispatch_valid NOT asserted (time=265000)

--- Test 4: Misaligned dst address ---
PASS: misaligned-dst: decode_error flagged (time=345000)
PASS: misaligned-dst: dispatch_valid NOT asserted (time=345000)

--- Test 5: Valid descriptor ---
PASS: valid: decode_error NOT flagged (time=425000)
PASS: valid: dispatch_valid asserted (time=425000)

--- Test 6: Exactly MAX_XFER_LEN ---
PASS: max-len: decode_error NOT flagged (time=525000)
PASS: max-len: dispatch_valid asserted (time=525000)

========================================
tb_malformed_descriptor: 12 PASS, 0 FAIL
RESULT: ALL TESTS PASSED
========================================

- tb/directed/tb_malformed_descriptor.sv:247: Verilog $finish
