PASS: ring starts empty (time=55000)
PASS: ring starts not full (time=55000)
PASS: extract_valid is low when empty (time=55000)
PASS: ring not full at DEPTH-1 (time=2605000)
PASS: ring not empty at DEPTH-1 (time=2605000)
PASS: ring full at DEPTH (time=2635000)
PASS: ring not empty when full (time=2635000)
PASS: ring not full after draining half (time=3925000)
PASS: ring full again after wraparound push (time=5215000)
PASS: ring not empty after wraparound (time=5215000)
PASS: ring empty after full drain (time=7785000)
PASS: ring not full after full drain (time=7785000)
PASS: round 0: ring full (time=10345000)
PASS: round 0: ring empty (time=12915000)
PASS: round 1: ring full (time=15475000)
PASS: round 1: ring empty (time=18045000)
PASS: round 2: ring full (time=20605000)
PASS: round 2: ring empty (time=23175000)

========================================
tb_ring_wraparound: 18 PASS, 0 FAIL
RESULT: ALL TESTS PASSED
========================================

- tb/directed/tb_ring_wraparound.sv:137: Verilog $finish
